<?xml version="1.0" encoding="UTF-8"?>
<!-- Generated by org.testng.reporters.JUnitReportReporter -->
<testsuite skipped="0" hostname="WINDOWS-5SROFV6" name="com.home.test.PutPatchAndDelete" tests="3" failures="0" timestamp="2024-03-24T12:31:14 EDT" time="7.532" errors="0">
  <testcase name="testPut" time="0.505" classname="com.home.test.PutPatchAndDelete"/>
  <system-out/>
  <testcase name="testDelete" time="5.238" classname="com.home.test.PutPatchAndDelete"/>
  <system-out/>
  <testcase name="testPatch" time="1.789" classname="com.home.test.PutPatchAndDelete"/>
  <system-out/>
</testsuite> <!-- com.home.test.PutPatchAndDelete -->
