<?xml version="1.0" encoding="UTF-8"?>
<!-- Generated by org.testng.reporters.JUnitReportReporter -->
<testsuite skipped="0" hostname="WINDOWS-5SROFV6" name="com.home.test.testExamples" tests="2" failures="0" timestamp="2024-03-22T16:35:38 EDT" time="7.262" errors="0">
  <testcase name="tests" time="0.302" classname="com.home.test.testExamples"/>
  <system-out/>
  <testcase name="test1" time="6.960" classname="com.home.test.testExamples"/>
  <system-out/>
</testsuite> <!-- com.home.test.testExamples -->
