<?xml version="1.0" encoding="UTF-8"?>
<!-- Generated by org.testng.reporters.JUnitReportReporter -->
<testsuite skipped="0" hostname="WINDOWS-5SROFV6" name="com.home.test.GetPostExamples" tests="2" failures="0" timestamp="2024-03-23T23:01:51 EDT" time="12.087" errors="0">
  <testcase name="testPost" time="0.703" classname="com.home.test.GetPostExamples"/>
  <system-out/>
  <testcase name="testGet" time="11.384" classname="com.home.test.GetPostExamples"/>
  <system-out/>
</testsuite> <!-- com.home.test.GetPostExamples -->
